{
  "stats": {
    "suites": 1,
    "tests": 2,
    "passes": 1,
    "pending": 0,
    "failures": 1,
    "start": "2024-01-19T21:10:35.840Z",
    "end": "2024-01-19T21:10:38.317Z",
    "duration": 2477,
    "testsRegistered": 2,
    "passPercent": 50,
    "pendingPercent": 0,
    "other": 0,
    "hasOther": false,
    "skipped": 0,
    "hasSkipped": false
  },
  "results": [
    {
      "uuid": "ade74e2a-95e4-4207-81e2-62e8e3429b1d",
      "title": "",
      "fullFile": "cypress/e2e/SearchForm.cy.js",
      "file": "cypress/e2e/SearchForm.cy.js",
      "beforeHooks": [],
      "afterHooks": [],
      "tests": [],
      "suites": [
        {
          "uuid": "90dc7ed5-f056-463d-bbaf-12a29e0aa79c",
          "title": "Get Github Repos",
          "fullFile": "",
          "file": "",
          "beforeHooks": [],
          "afterHooks": [],
          "tests": [
            {
              "title": "Verify the user can interact with the Search Form",
              "fullTitle": "Get Github Repos Verify the user can interact with the Search Form",
              "timedOut": null,
              "duration": 1173,
              "state": "failed",
              "speed": null,
              "pass": false,
              "fail": true,
              "pending": false,
              "context": null,
              "code": "search.userNameInput((void 0).repos.repo_user).should('be.visible');\nsearch.clickSubmitBtn();\nsearch.foundReposMessage().should('include.text', 'Found ').and('be.visible');",
              "err": {
                "message": "TypeError: Cannot read properties of undefined (reading 'repos')",
                "estack": "TypeError: Cannot read properties of undefined (reading 'repos')\n    at Context.eval (webpack://qa-automation-coding-challenge/./cypress/e2e/SearchForm.cy.js:19:32)",
                "diff": null
              },
              "uuid": "0816b05e-b172-4a20-a700-a5b805f724b2",
              "parentUUID": "90dc7ed5-f056-463d-bbaf-12a29e0aa79c",
              "isHook": false,
              "skipped": false
            },
            {
              "title": "Verify the repo information displays when making a search",
              "fullTitle": "Get Github Repos Verify the repo information displays when making a search",
              "timedOut": null,
              "duration": 1204,
              "state": "passed",
              "speed": "fast",
              "pass": true,
              "fail": false,
              "pending": false,
              "context": null,
              "code": "search.userNameInput('Test');\nsearch.clickSubmitBtn();\nsearch.verifyReposList();",
              "err": {},
              "uuid": "07d9df84-48bd-42b9-a0b4-f3269db4d8da",
              "parentUUID": "90dc7ed5-f056-463d-bbaf-12a29e0aa79c",
              "isHook": false,
              "skipped": false
            }
          ],
          "suites": [],
          "passes": [
            "07d9df84-48bd-42b9-a0b4-f3269db4d8da"
          ],
          "failures": [
            "0816b05e-b172-4a20-a700-a5b805f724b2"
          ],
          "pending": [],
          "skipped": [],
          "duration": 2377,
          "root": false,
          "rootEmpty": false,
          "_timeout": 2000
        }
      ],
      "passes": [],
      "failures": [],
      "pending": [],
      "skipped": [],
      "duration": 0,
      "root": true,
      "rootEmpty": true,
      "_timeout": 2000
    }
  ],
  "meta": {
    "mocha": {
      "version": "7.0.1"
    },
    "mochawesome": {
      "options": {
        "quiet": false,
        "reportFilename": "mochawesome",
        "saveHtml": true,
        "saveJson": true,
        "consoleReporter": "spec",
        "useInlineDiffs": false,
        "code": true
      },
      "version": "7.1.3"
    },
    "marge": {
      "options": null,
      "version": "6.2.0"
    }
  }
}